0 info it worked if it ends with ok
1 verbose cli [ 'C:\\Program Files\\nodejs\\node.exe',
1 verbose cli   'C:\\Program Files\\nodejs\\node_modules\\npm\\bin\\npm-cli.js',
1 verbose cli   'publish' ]
2 info using npm@2.15.5
3 info using node@v4.4.5
4 verbose publish [ '.' ]
5 silly cache add args [ '.', null ]
6 verbose cache add spec .
7 silly cache add parsed spec Result {
7 silly cache add   raw: '.',
7 silly cache add   scope: null,
7 silly cache add   name: null,
7 silly cache add   rawSpec: '.',
7 silly cache add   spec: 'D:\\snehal\\nodejs\\text_to_speech',
7 silly cache add   type: 'directory' }
8 verbose addLocalDirectory C:\Users\Snehal\AppData\Roaming\npm-cache\multiarr_sort_by_index\1.0.0\package.tgz not in flight; packing
9 verbose correctMkdir C:\Users\Snehal\AppData\Roaming\npm-cache correctMkdir not in flight; initializing
10 verbose tar pack [ 'C:\\Users\\Snehal\\AppData\\Roaming\\npm-cache\\multiarr_sort_by_index\\1.0.0\\package.tgz',
10 verbose tar pack   'D:\\snehal\\nodejs\\text_to_speech' ]
11 verbose tarball C:\Users\Snehal\AppData\Roaming\npm-cache\multiarr_sort_by_index\1.0.0\package.tgz
12 verbose folder D:\snehal\nodejs\text_to_speech
13 info prepublish multiarr_sort_by_index@1.0.0
14 verbose addLocalTarball adding from inside cache C:\Users\Snehal\AppData\Roaming\npm-cache\multiarr_sort_by_index\1.0.0\package.tgz
15 verbose correctMkdir C:\Users\Snehal\AppData\Roaming\npm-cache correctMkdir not in flight; initializing
16 silly cache afterAdd multiarr_sort_by_index@1.0.0
17 verbose afterAdd C:\Users\Snehal\AppData\Roaming\npm-cache\multiarr_sort_by_index\1.0.0\package\package.json not in flight; writing
18 verbose correctMkdir C:\Users\Snehal\AppData\Roaming\npm-cache correctMkdir not in flight; initializing
19 verbose afterAdd C:\Users\Snehal\AppData\Roaming\npm-cache\multiarr_sort_by_index\1.0.0\package\package.json written
20 silly publish { name: 'multiarr_sort_by_index',
20 silly publish   version: '1.0.0',
20 silly publish   description: 'Sort multidimensional array by index',
20 silly publish   main: 'index.js',
20 silly publish   scripts: { test: 'echo "Error: no test specified" && exit 1' },
20 silly publish   author: '',
20 silly publish   license: 'ISC',
20 silly publish   readme: 'This plugin helps you to sort the multidimensional array by index.\r\nThere are two parameters:\r\n1. multidimensional array\r\n2. index of value with which the array should get sort(optional, default value is 0)\r\n3. callback(optional)\r\n\r\nFor eg.\r\n\r\nvar multiarr_sort = require(\'multiarr_sort_by_index\');\r\nmultiarr_sort([[12, 1], [45, 76], [87, 23]], 1);',
20 silly publish   readmeFilename: 'README.md',
20 silly publish   _id: 'multiarr_sort_by_index@1.0.0',
20 silly publish   _shasum: '16c74caf02c6b467cf224dd6cd0967e77488d35c',
20 silly publish   _from: '.' }
21 verbose getPublishConfig undefined
22 silly mapToRegistry name multiarr_sort_by_index
23 silly mapToRegistry using default registry
24 silly mapToRegistry registry https://registry.npmjs.org/
25 silly mapToRegistry data Result {
25 silly mapToRegistry   raw: 'multiarr_sort_by_index',
25 silly mapToRegistry   scope: null,
25 silly mapToRegistry   name: 'multiarr_sort_by_index',
25 silly mapToRegistry   rawSpec: '',
25 silly mapToRegistry   spec: 'latest',
25 silly mapToRegistry   type: 'tag' }
26 silly mapToRegistry uri https://registry.npmjs.org/multiarr_sort_by_index
27 verbose publish registryBase https://registry.npmjs.org/
28 silly publish uploading C:\Users\Snehal\AppData\Roaming\npm-cache\multiarr_sort_by_index\1.0.0\package.tgz
29 verbose request uri https://registry.npmjs.org/multiarr_sort_by_index
30 verbose request sending authorization for write operation
31 info attempt registry request try #1 at 8:42:18 PM
32 verbose request using bearer token for auth
33 verbose request id 517a7f2c3c0750a3
34 http request PUT https://registry.npmjs.org/multiarr_sort_by_index
35 http 403 https://registry.npmjs.org/multiarr_sort_by_index
36 verbose headers { 'content-type': 'application/json',
36 verbose headers   'cache-control': 'max-age=300',
36 verbose headers   'content-length': '91',
36 verbose headers   'accept-ranges': 'bytes',
36 verbose headers   date: 'Mon, 23 Oct 2017 15:12:30 GMT',
36 verbose headers   via: '1.1 varnish',
36 verbose headers   connection: 'keep-alive',
36 verbose headers   'x-served-by': 'cache-sin18026-SIN',
36 verbose headers   'x-cache': 'MISS',
36 verbose headers   'x-cache-hits': '0',
36 verbose headers   'x-timer': 'S1508771550.841530,VS0,VE911',
36 verbose headers   vary: 'Accept-Encoding, Accept' }
37 verbose request invalidating C:\Users\Snehal\AppData\Roaming\npm-cache\registry.npmjs.org\multiarr_sort_by_index on PUT
38 error publish Failed PUT 403
39 verbose stack Error: You cannot publish over the previously published version 1.0.0. : multiarr_sort_by_index
39 verbose stack     at makeError (C:\Program Files\nodejs\node_modules\npm\node_modules\npm-registry-client\lib\request.js:264:12)
39 verbose stack     at CachingRegistryClient.<anonymous> (C:\Program Files\nodejs\node_modules\npm\node_modules\npm-registry-client\lib\request.js:252:14)
39 verbose stack     at Request._callback (C:\Program Files\nodejs\node_modules\npm\node_modules\npm-registry-client\lib\request.js:172:14)
39 verbose stack     at Request.self.callback (C:\Program Files\nodejs\node_modules\npm\node_modules\request\request.js:200:22)
39 verbose stack     at emitTwo (events.js:87:13)
39 verbose stack     at Request.emit (events.js:172:7)
39 verbose stack     at Request.<anonymous> (C:\Program Files\nodejs\node_modules\npm\node_modules\request\request.js:1067:10)
39 verbose stack     at emitOne (events.js:82:20)
39 verbose stack     at Request.emit (events.js:169:7)
39 verbose stack     at IncomingMessage.<anonymous> (C:\Program Files\nodejs\node_modules\npm\node_modules\request\request.js:988:12)
40 verbose statusCode 403
41 verbose pkgid multiarr_sort_by_index
42 verbose cwd D:\snehal\nodejs\text_to_speech
43 error Windows_NT 6.2.9200
44 error argv "C:\\Program Files\\nodejs\\node.exe" "C:\\Program Files\\nodejs\\node_modules\\npm\\bin\\npm-cli.js" "publish"
45 error node v4.4.5
46 error npm  v2.15.5
47 error code E403
48 error You cannot publish over the previously published version 1.0.0. : multiarr_sort_by_index
49 error If you need help, you may report this error at:
49 error     <https://github.com/npm/npm/issues>
50 verbose exit [ 1, true ]
